Using pre-set license
Built from '2020.3/staging' branch; Version is '2020.3.5f1 (8095aa901b9b) revision 8426922'; Using compiler version '192528614'; Build Type 'Release'
OS: 'Windows 10 Education; OS build 19044.1288; Version 2009; 64bit' Language: 'en' Physical Memory: 32619 MB
BatchMode: 1, IsHumanControllingUs: 0, StartBugReporterOnCrash: 0, Is64bit: 1, IsPro: 0

 COMMAND LINE ARGUMENTS:
C:\Program Files\Unity\Hub\Editor\2020.3.5f1\Editor\Unity.exe
-adb2
-batchMode
-noUpm
-name
AssetImportWorker0
-projectPath
C:/Users/s214285/Desktop/Assessment - Intermediate Game Development/Game Project/Game Project
-logFile
Logs/AssetImportWorker0.log
-srvPort
55122
Successfully changed project path to: C:/Users/s214285/Desktop/Assessment - Intermediate Game Development/Game Project/Game Project
C:/Users/s214285/Desktop/Assessment - Intermediate Game Development/Game Project/Game Project
Using Asset Import Pipeline V2.
Refreshing native plugins compatible for Editor in 27.45 ms, found 1 plugins.
Preloading 0 native plugins for Editor in 0.00 ms.
Initialize engine version: 2020.3.5f1 (8095aa901b9b)
[Subsystems] Discovering subsystems at path C:/Program Files/Unity/Hub/Editor/2020.3.5f1/Editor/Data/Resources/UnitySubsystems
[Subsystems] Discovering subsystems at path C:/Users/s214285/Desktop/Assessment - Intermediate Game Development/Game Project/Game Project/Assets
GfxDevice: creating device client; threaded=0
Direct3D:
    Version:  Direct3D 11.0 [level 11.1]
    Renderer: NVIDIA GeForce RTX 3060 (ID=0x2504)
    Vendor:   
    VRAM:     12143 MB
    Driver:   30.0.14.9676
Initialize mono
Mono path[0] = 'C:/Program Files/Unity/Hub/Editor/2020.3.5f1/Editor/Data/Managed'
Mono path[1] = 'C:/Program Files/Unity/Hub/Editor/2020.3.5f1/Editor/Data/MonoBleedingEdge/lib/mono/unityjit'
Mono config path = 'C:/Program Files/Unity/Hub/Editor/2020.3.5f1/Editor/Data/MonoBleedingEdge/etc'
Using monoOptions --debugger-agent=transport=dt_socket,embedding=1,server=y,suspend=n,address=127.0.0.1:56788
Begin MonoManager ReloadAssembly
Registering precompiled unity dll's ...
Register platform support module: C:/Program Files/Unity/Hub/Editor/2020.3.5f1/Editor/Data/PlaybackEngines/WebGLSupport/UnityEditor.WebGL.Extensions.dll
Register platform support module: C:/Program Files/Unity/Hub/Editor/2020.3.5f1/Editor/Data/PlaybackEngines/WindowsStandaloneSupport/UnityEditor.WindowsStandalone.Extensions.dll
Registered in 0.001300 seconds.
Native extension for WindowsStandalone target not found
Native extension for WebGL target not found
Refreshing native plugins compatible for Editor in 27.92 ms, found 1 plugins.
Preloading 0 native plugins for Editor in 0.00 ms.
Mono: successfully reloaded assembly
- Completed reload, in  1.316 seconds
Platform modules already initialized, skipping
Registering precompiled user dll's ...
Registered in 0.000628 seconds.
Begin MonoManager ReloadAssembly
Native extension for WindowsStandalone target not found
Native extension for WebGL target not found
Refreshing native plugins compatible for Editor in 27.49 ms, found 1 plugins.
Preloading 0 native plugins for Editor in 0.00 ms.
Mono: successfully reloaded assembly
- Completed reload, in  0.700 seconds
Platform modules already initialized, skipping
========================================================================
Worker process is ready to serve import requests
Launched and connected shader compiler UnityShaderCompiler.exe after 0.03 seconds
Refreshing native plugins compatible for Editor in 0.46 ms, found 1 plugins.
Preloading 0 native plugins for Editor in 0.00 ms.
Unloading 1810 Unused Serialized files (Serialized files now loaded: 0)
System memory in use before: 85.7 MB.
System memory in use after: 85.6 MB.

Unloading 24 unused Assets to reduce memory usage. Loaded Objects now: 2253.
Total: 2.487700 ms (FindLiveObjects: 0.198600 ms CreateObjectMapping: 0.095300 ms MarkObjects: 2.052400 ms  DeleteObjects: 0.140200 ms)

========================================================================
Received Import Request.
  path: Assets/Prefabs/Enemy.prefab
  artifactKey: Guid(c8fe0ec0a2d5faa41be9a9c5f7ef1b4a) Importer(815301076,1909f56bfc062723c751e8b465ee728b)
Start importing Assets/Prefabs/Enemy.prefab using Guid(c8fe0ec0a2d5faa41be9a9c5f7ef1b4a) Importer(815301076,1909f56bfc062723c751e8b465ee728b)  -> (artifact id: '8c9ae25e5d6941566b1ed5ca783e79c0') in 0.071566 seconds
  Import took 0.074101 seconds .

========================================================================
Received Import Request.
  Time since last request: 215.106233 seconds.
  path: Assets/Scripts/PickUpSO.cs
  artifactKey: Guid(7abb39336bd1cbe4c9eacd54564697cc) Importer(815301076,1909f56bfc062723c751e8b465ee728b)
Start importing Assets/Scripts/PickUpSO.cs using Guid(7abb39336bd1cbe4c9eacd54564697cc) Importer(815301076,1909f56bfc062723c751e8b465ee728b)  -> (artifact id: 'd8287249968311efb4def1f078122086') in 0.007312 seconds
  Import took 0.010163 seconds .

========================================================================
Received Prepare
Registering precompiled user dll's ...
Registered in 0.000708 seconds.
Begin MonoManager ReloadAssembly
Native extension for WindowsStandalone target not found
Native extension for WebGL target not found
Refreshing native plugins compatible for Editor in 0.33 ms, found 1 plugins.
Preloading 0 native plugins for Editor in 0.00 ms.
Mono: successfully reloaded assembly
- Completed reload, in  0.719 seconds
Platform modules already initialized, skipping
Refreshing native plugins compatible for Editor in 0.32 ms, found 1 plugins.
Preloading 0 native plugins for Editor in 0.00 ms.
Unloading 1806 Unused Serialized files (Serialized files now loaded: 0)
System memory in use before: 88.8 MB.
System memory in use after: 88.7 MB.

Unloading 12 unused Assets to reduce memory usage. Loaded Objects now: 2265.
Total: 1.725000 ms (FindLiveObjects: 0.157500 ms CreateObjectMapping: 0.054800 ms MarkObjects: 1.433600 ms  DeleteObjects: 0.078300 ms)

========================================================================
Received Prepare
Registering precompiled user dll's ...
Registered in 0.000753 seconds.
Begin MonoManager ReloadAssembly
Native extension for WindowsStandalone target not found
Native extension for WebGL target not found
Refreshing native plugins compatible for Editor in 0.33 ms, found 1 plugins.
Preloading 0 native plugins for Editor in 0.00 ms.
Mono: successfully reloaded assembly
- Completed reload, in  0.663 seconds
Platform modules already initialized, skipping
Refreshing native plugins compatible for Editor in 0.31 ms, found 1 plugins.
Preloading 0 native plugins for Editor in 0.00 ms.
Unloading 1806 Unused Serialized files (Serialized files now loaded: 0)
System memory in use before: 88.8 MB.
System memory in use after: 88.8 MB.

Unloading 12 unused Assets to reduce memory usage. Loaded Objects now: 2269.
Total: 1.925700 ms (FindLiveObjects: 0.215700 ms CreateObjectMapping: 0.075500 ms MarkObjects: 1.546600 ms  DeleteObjects: 0.086800 ms)

========================================================================
Received Import Request.
  Time since last request: 52.508047 seconds.
  path: Assets/Scripts/PickUpSO.cs
  artifactKey: Guid(7abb39336bd1cbe4c9eacd54564697cc) Importer(815301076,1909f56bfc062723c751e8b465ee728b)
Start importing Assets/Scripts/PickUpSO.cs using Guid(7abb39336bd1cbe4c9eacd54564697cc) Importer(815301076,1909f56bfc062723c751e8b465ee728b)  -> (artifact id: '5c92782163cb6897966f6909bcdf27f3') in 0.003914 seconds
  Import took 0.006156 seconds .

========================================================================
Received Import Request.
  Time since last request: 7.441918 seconds.
  path: Assets/SO
  artifactKey: Guid(5e1b80ca91e35694fb6f61d1747d6895) Importer(815301076,1909f56bfc062723c751e8b465ee728b)
Start importing Assets/SO using Guid(5e1b80ca91e35694fb6f61d1747d6895) Importer(815301076,1909f56bfc062723c751e8b465ee728b)  -> (artifact id: 'e4cddc57cfb95f6b0b702767ccdd42f6') in 0.005235 seconds
  Import took 0.007693 seconds .

========================================================================
Received Import Request.
  Time since last request: 5.044891 seconds.
  path: Assets/Pickups
  artifactKey: Guid(5e1b80ca91e35694fb6f61d1747d6895) Importer(815301076,1909f56bfc062723c751e8b465ee728b)
Start importing Assets/Pickups using Guid(5e1b80ca91e35694fb6f61d1747d6895) Importer(815301076,1909f56bfc062723c751e8b465ee728b)  -> (artifact id: '96d56e14332f0422c2ddbbe8f20768d6') in 0.004772 seconds
  Import took 0.007269 seconds .

========================================================================
Received Import Request.
  Time since last request: 4.435292 seconds.
  path: Assets/ScriptableObjectw
  artifactKey: Guid(5e1b80ca91e35694fb6f61d1747d6895) Importer(815301076,1909f56bfc062723c751e8b465ee728b)
Start importing Assets/ScriptableObjectw using Guid(5e1b80ca91e35694fb6f61d1747d6895) Importer(815301076,1909f56bfc062723c751e8b465ee728b)  -> (artifact id: '069621454a46585a9fbaa1ed94510bf4') in 0.005793 seconds
  Import took 0.008762 seconds .

========================================================================
Received Import Request.
  Time since last request: 1.547136 seconds.
  path: Assets/ScriptableObjects
  artifactKey: Guid(5e1b80ca91e35694fb6f61d1747d6895) Importer(815301076,1909f56bfc062723c751e8b465ee728b)
Start importing Assets/ScriptableObjects using Guid(5e1b80ca91e35694fb6f61d1747d6895) Importer(815301076,1909f56bfc062723c751e8b465ee728b)  -> (artifact id: 'ff27203cc00c414dec9ea7bd26b4e857') in 0.004977 seconds
  Import took 0.007916 seconds .

========================================================================
Received Import Request.
  Time since last request: 4.182919 seconds.
  path: Assets/ScriptableObjects/Pickups
  artifactKey: Guid(419f6ee1cd5e0c04982f038f22f3d776) Importer(815301076,1909f56bfc062723c751e8b465ee728b)
Start importing Assets/ScriptableObjects/Pickups using Guid(419f6ee1cd5e0c04982f038f22f3d776) Importer(815301076,1909f56bfc062723c751e8b465ee728b)  -> (artifact id: '967f6b18ecaa56c2eb697674d991340c') in 0.002403 seconds
  Import took 0.004855 seconds .

========================================================================
Received Import Request.
  Time since last request: 8.034987 seconds.
  path: Assets/ScriptableObjects/Pickups/Lol.asset
  artifactKey: Guid(4f3d751e029066f4e9c04af2a795f641) Importer(815301076,1909f56bfc062723c751e8b465ee728b)
Start importing Assets/ScriptableObjects/Pickups/Lol.asset using Guid(4f3d751e029066f4e9c04af2a795f641) Importer(815301076,1909f56bfc062723c751e8b465ee728b)  -> (artifact id: '98ab5c486ff4fc2135dc6e3f976823f9') in 0.012844 seconds
  Import took 0.015315 seconds .

========================================================================
Received Import Request.
  Time since last request: 0.000795 seconds.
  path: Assets/ScriptableObjects/Pickups/Lol.asset
  artifactKey: Guid(4f3d751e029066f4e9c04af2a795f641) Importer(815301076,1909f56bfc062723c751e8b465ee728b)
Start importing Assets/ScriptableObjects/Pickups/Lol.asset using Guid(4f3d751e029066f4e9c04af2a795f641) Importer(815301076,1909f56bfc062723c751e8b465ee728b)  -> (artifact id: '98ab5c486ff4fc2135dc6e3f976823f9') in 0.001818 seconds
  Import took 0.004140 seconds .

========================================================================
Received Prepare
Registering precompiled user dll's ...
Registered in 0.000718 seconds.
Begin MonoManager ReloadAssembly
Native extension for WindowsStandalone target not found
Native extension for WebGL target not found
Refreshing native plugins compatible for Editor in 0.32 ms, found 1 plugins.
Preloading 0 native plugins for Editor in 0.00 ms.
Mono: successfully reloaded assembly
- Completed reload, in  0.636 seconds
Platform modules already initialized, skipping
Refreshing native plugins compatible for Editor in 0.32 ms, found 1 plugins.
Preloading 0 native plugins for Editor in 0.00 ms.
Unloading 1806 Unused Serialized files (Serialized files now loaded: 0)
System memory in use before: 88.8 MB.
System memory in use after: 88.8 MB.

Unloading 12 unused Assets to reduce memory usage. Loaded Objects now: 2273.
Total: 1.662800 ms (FindLiveObjects: 0.167200 ms CreateObjectMapping: 0.060900 ms MarkObjects: 1.356300 ms  DeleteObjects: 0.077600 ms)

========================================================================
Received Import Request.
  Time since last request: 53.667656 seconds.
  path: Assets/Scripts/PickUps.cs
  artifactKey: Guid(d74eeebf1f5fa11428a7d5edd52296f9) Importer(815301076,1909f56bfc062723c751e8b465ee728b)
Start importing Assets/Scripts/PickUps.cs using Guid(d74eeebf1f5fa11428a7d5edd52296f9) Importer(815301076,1909f56bfc062723c751e8b465ee728b)  -> (artifact id: '3f3a497b45bf579dcbc2828bc31755ed') in 0.008050 seconds
  Import took 0.010681 seconds .

========================================================================
Received Prepare
Registering precompiled user dll's ...
Registered in 0.000704 seconds.
Begin MonoManager ReloadAssembly
Native extension for WindowsStandalone target not found
Native extension for WebGL target not found
Refreshing native plugins compatible for Editor in 0.32 ms, found 1 plugins.
Preloading 0 native plugins for Editor in 0.00 ms.
Mono: successfully reloaded assembly
- Completed reload, in  0.656 seconds
Platform modules already initialized, skipping
Refreshing native plugins compatible for Editor in 0.32 ms, found 1 plugins.
Preloading 0 native plugins for Editor in 0.00 ms.
Unloading 1807 Unused Serialized files (Serialized files now loaded: 0)
System memory in use before: 88.8 MB.
System memory in use after: 88.8 MB.

Unloading 12 unused Assets to reduce memory usage. Loaded Objects now: 2278.
Total: 1.821500 ms (FindLiveObjects: 0.188600 ms CreateObjectMapping: 0.061100 ms MarkObjects: 1.481200 ms  DeleteObjects: 0.090000 ms)

========================================================================
Received Prepare
Registering precompiled user dll's ...
Registered in 0.000722 seconds.
Begin MonoManager ReloadAssembly
Native extension for WindowsStandalone target not found
Native extension for WebGL target not found
Refreshing native plugins compatible for Editor in 0.33 ms, found 1 plugins.
Preloading 0 native plugins for Editor in 0.00 ms.
Mono: successfully reloaded assembly
- Completed reload, in  0.635 seconds
Platform modules already initialized, skipping
Refreshing native plugins compatible for Editor in 0.30 ms, found 1 plugins.
Preloading 0 native plugins for Editor in 0.00 ms.
Unloading 1807 Unused Serialized files (Serialized files now loaded: 0)
System memory in use before: 88.9 MB.
System memory in use after: 88.8 MB.

Unloading 12 unused Assets to reduce memory usage. Loaded Objects now: 2282.
Total: 1.764500 ms (FindLiveObjects: 0.215700 ms CreateObjectMapping: 0.068000 ms MarkObjects: 1.403100 ms  DeleteObjects: 0.077100 ms)

========================================================================
Received Import Request.
  Time since last request: 22.654936 seconds.
  path: Assets/Scripts/PickUps.cs
  artifactKey: Guid(d74eeebf1f5fa11428a7d5edd52296f9) Importer(815301076,1909f56bfc062723c751e8b465ee728b)
Start importing Assets/Scripts/PickUps.cs using Guid(d74eeebf1f5fa11428a7d5edd52296f9) Importer(815301076,1909f56bfc062723c751e8b465ee728b)  -> (artifact id: 'fac7d947f87fc3fb90719ccb7090c69e') in 0.003846 seconds
  Import took 0.006123 seconds .

AssetImportWorkerClient::OnTransportError - code=2 error=End of file
